DEB [20210524-11:41:01.002] thr=2   paramiko.transport: starting thread (client mode): 0x8d87fe80
DEB [20210524-11:41:01.002] thr=2   paramiko.transport: Local version/idstring: SSH-2.0-paramiko_2.7.2
DEB [20210524-11:41:01.191] thr=2   paramiko.transport: Remote version/idstring: SSH-2.0-Cisco-1.25
INF [20210524-11:41:01.192] thr=2   paramiko.transport: Connected (version 2.0, client Cisco-1.25)
DEB [20210524-11:41:01.193] thr=2   paramiko.transport: kex algos:['diffie-hellman-group-exchange-sha1', 'diffie-hellman-group14-sha1'] server key:['ssh-rsa'] client encrypt:['aes128-ctr', 'aes192-ctr', 'aes256-ctr'] server encrypt:['aes128-ctr', 'aes192-ctr', 'aes256-ctr'] client mac:['hmac-sha2-256', 'hmac-sha2-512', 'hmac-sha1', 'hmac-sha1-96'] server mac:['hmac-sha2-256', 'hmac-sha2-512', 'hmac-sha1', 'hmac-sha1-96'] client compress:['none'] server compress:['none'] client lang:[''] server lang:[''] kex follows?False
DEB [20210524-11:41:01.193] thr=2   paramiko.transport: Kex agreed: diffie-hellman-group-exchange-sha1
DEB [20210524-11:41:01.193] thr=2   paramiko.transport: HostKey agreed: ssh-rsa
DEB [20210524-11:41:01.193] thr=2   paramiko.transport: Cipher agreed: aes128-ctr
DEB [20210524-11:41:01.193] thr=2   paramiko.transport: MAC agreed: hmac-sha2-256
DEB [20210524-11:41:01.194] thr=2   paramiko.transport: Compression agreed: none
DEB [20210524-11:41:01.762] thr=2   paramiko.transport: Got server p (2048 bits)
DEB [20210524-11:41:02.062] thr=2   paramiko.transport: kex engine KexGex specified hash_algo <built-in function openssl_sha1>
DEB [20210524-11:41:02.062] thr=2   paramiko.transport: Switch to new keys ...
DEB [20210524-11:41:02.063] thr=3   paramiko.transport: Adding ssh-rsa host key for [ios-xe-mgmt.cisco.com]:8181: b'17c15cb6032a1610ca0964464cd0c8d4'
DEB [20210524-11:41:02.639] thr=2   paramiko.transport: userauth is OK
INF [20210524-11:41:02.826] thr=2   paramiko.transport: Authentication (password) successful!
DEB [20210524-11:41:02.827] thr=3   paramiko.transport: [chan 0] Max packet in: 32768 bytes
DEB [20210524-11:41:03.011] thr=2   paramiko.transport: [chan 0] Max packet out: 4096 bytes
DEB [20210524-11:41:03.012] thr=2   paramiko.transport: Secsh channel 0 opened.
DEB [20210524-11:41:03.197] thr=2   paramiko.transport: [chan 0] Sesch channel 0 request ok
DEB [20210524-11:41:03.383] thr=2   paramiko.transport: [chan 0] Sesch channel 0 request ok
DEB [20210524-11:41:05.585] thr=4   paramiko.transport: starting thread (client mode): 0x8d88b700
DEB [20210524-11:41:05.586] thr=4   paramiko.transport: Local version/idstring: SSH-2.0-paramiko_2.7.2
DEB [20210524-11:41:05.773] thr=4   paramiko.transport: Remote version/idstring: SSH-2.0-Cisco-1.25
INF [20210524-11:41:05.773] thr=4   paramiko.transport: Connected (version 2.0, client Cisco-1.25)
DEB [20210524-11:41:05.774] thr=4   paramiko.transport: kex algos:['diffie-hellman-group-exchange-sha1', 'diffie-hellman-group14-sha1'] server key:['ssh-rsa'] client encrypt:['aes128-ctr', 'aes192-ctr', 'aes256-ctr'] server encrypt:['aes128-ctr', 'aes192-ctr', 'aes256-ctr'] client mac:['hmac-sha2-256', 'hmac-sha2-512', 'hmac-sha1', 'hmac-sha1-96'] server mac:['hmac-sha2-256', 'hmac-sha2-512', 'hmac-sha1', 'hmac-sha1-96'] client compress:['none'] server compress:['none'] client lang:[''] server lang:[''] kex follows?False
DEB [20210524-11:41:05.774] thr=4   paramiko.transport: Kex agreed: diffie-hellman-group-exchange-sha1
DEB [20210524-11:41:05.774] thr=4   paramiko.transport: HostKey agreed: ssh-rsa
DEB [20210524-11:41:05.775] thr=4   paramiko.transport: Cipher agreed: aes128-ctr
DEB [20210524-11:41:05.775] thr=4   paramiko.transport: MAC agreed: hmac-sha2-256
DEB [20210524-11:41:05.775] thr=4   paramiko.transport: Compression agreed: none
DEB [20210524-11:41:06.935] thr=4   paramiko.transport: Got server p (2048 bits)
DEB [20210524-11:41:08.452] thr=4   paramiko.transport: kex engine KexGex specified hash_algo <built-in function openssl_sha1>
DEB [20210524-11:41:08.452] thr=4   paramiko.transport: Switch to new keys ...
DEB [20210524-11:41:08.453] thr=3   paramiko.transport: Adding ssh-rsa host key for [ios-xe-mgmt.cisco.com]:8181: b'17c15cb6032a1610ca0964464cd0c8d4'
DEB [20210524-11:41:09.027] thr=4   paramiko.transport: userauth is OK
INF [20210524-11:41:09.216] thr=4   paramiko.transport: Authentication (password) successful!
DEB [20210524-11:41:09.217] thr=3   paramiko.transport: [chan 0] Max packet in: 32768 bytes
DEB [20210524-11:41:09.405] thr=4   paramiko.transport: [chan 0] Max packet out: 4096 bytes
DEB [20210524-11:41:09.405] thr=4   paramiko.transport: Secsh channel 0 opened.
DEB [20210524-11:41:09.593] thr=4   paramiko.transport: [chan 0] Sesch channel 0 request ok
DEB [20210524-11:41:09.781] thr=4   paramiko.transport: [chan 0] Sesch channel 0 request ok
DEB [20210524-11:41:11.980] thr=5   paramiko.transport: starting thread (client mode): 0x8d89a250
DEB [20210524-11:41:11.980] thr=5   paramiko.transport: Local version/idstring: SSH-2.0-paramiko_2.7.2
DEB [20210524-11:41:12.165] thr=5   paramiko.transport: Remote version/idstring: SSH-2.0-Cisco-1.25
INF [20210524-11:41:12.165] thr=5   paramiko.transport: Connected (version 2.0, client Cisco-1.25)
DEB [20210524-11:41:12.166] thr=5   paramiko.transport: kex algos:['diffie-hellman-group-exchange-sha1', 'diffie-hellman-group14-sha1'] server key:['ssh-rsa'] client encrypt:['aes128-ctr', 'aes192-ctr', 'aes256-ctr'] server encrypt:['aes128-ctr', 'aes192-ctr', 'aes256-ctr'] client mac:['hmac-sha2-256', 'hmac-sha2-512', 'hmac-sha1', 'hmac-sha1-96'] server mac:['hmac-sha2-256', 'hmac-sha2-512', 'hmac-sha1', 'hmac-sha1-96'] client compress:['none'] server compress:['none'] client lang:[''] server lang:[''] kex follows?False
DEB [20210524-11:41:12.166] thr=5   paramiko.transport: Kex agreed: diffie-hellman-group-exchange-sha1
DEB [20210524-11:41:12.166] thr=5   paramiko.transport: HostKey agreed: ssh-rsa
DEB [20210524-11:41:12.166] thr=5   paramiko.transport: Cipher agreed: aes128-ctr
DEB [20210524-11:41:12.166] thr=5   paramiko.transport: MAC agreed: hmac-sha2-256
DEB [20210524-11:41:12.166] thr=5   paramiko.transport: Compression agreed: none
DEB [20210524-11:41:12.735] thr=5   paramiko.transport: Got server p (2048 bits)
DEB [20210524-11:41:13.013] thr=5   paramiko.transport: kex engine KexGex specified hash_algo <built-in function openssl_sha1>
DEB [20210524-11:41:13.013] thr=5   paramiko.transport: Switch to new keys ...
DEB [20210524-11:41:13.014] thr=3   paramiko.transport: Adding ssh-rsa host key for [ios-xe-mgmt.cisco.com]:8181: b'17c15cb6032a1610ca0964464cd0c8d4'
DEB [20210524-11:41:13.581] thr=5   paramiko.transport: userauth is OK
INF [20210524-11:41:13.768] thr=5   paramiko.transport: Authentication (password) successful!
DEB [20210524-11:41:13.768] thr=3   paramiko.transport: [chan 0] Max packet in: 32768 bytes
DEB [20210524-11:41:13.953] thr=5   paramiko.transport: [chan 0] Max packet out: 4096 bytes
DEB [20210524-11:41:13.954] thr=5   paramiko.transport: Secsh channel 0 opened.
DEB [20210524-11:41:14.168] thr=5   paramiko.transport: [chan 0] Sesch channel 0 request ok
DEB [20210524-11:41:14.353] thr=5   paramiko.transport: [chan 0] Sesch channel 0 request ok
DEB [20210524-11:43:04.666] thr=2   paramiko.transport: [chan 1] Max packet in: 32768 bytes
ERR [20210524-11:43:04.854] thr=1   paramiko.transport: Secsh channel 1 open FAILED: : Resource shortage
DEB [20210524-11:50:42.042] thr=2   paramiko.transport: [chan 1] Max packet in: 32768 bytes
ERR [20210524-11:50:42.268] thr=1   paramiko.transport: Secsh channel 1 open FAILED: : Resource shortage
DEB [20210524-11:53:49.754] thr=2   paramiko.transport: [chan 1] Max packet in: 32768 bytes
ERR [20210524-11:53:49.944] thr=1   paramiko.transport: Secsh channel 1 open FAILED: : Resource shortage
DEB [20210524-12:04:15.172] thr=2   paramiko.transport: [chan 1] Max packet in: 32768 bytes
ERR [20210524-12:04:15.360] thr=1   paramiko.transport: Secsh channel 1 open FAILED: : Resource shortage
DEB [20210524-12:08:18.482] thr=2   paramiko.transport: [chan 1] Max packet in: 32768 bytes
ERR [20210524-12:08:18.694] thr=1   paramiko.transport: Secsh channel 1 open FAILED: : Resource shortage
DEB [20210524-12:11:15.270] thr=2   paramiko.transport: [chan 1] Max packet in: 32768 bytes
ERR [20210524-12:11:15.461] thr=1   paramiko.transport: Secsh channel 1 open FAILED: : Resource shortage
DEB [20210524-22:41:26.981] thr=2   paramiko.transport: [chan 1] Max packet in: 32768 bytes
DEB [20210524-22:41:27.183] thr=1   paramiko.transport: [chan 1] Max packet out: 32768 bytes
DEB [20210524-22:41:27.183] thr=1   paramiko.transport: Secsh channel 1 opened.
DEB [20210524-22:41:27.386] thr=1   paramiko.transport: [chan 1] Sesch channel 1 request ok
DEB [20210524-22:41:28.630] thr=1   paramiko.transport: [chan 1] EOF received (1)
DEB [20210524-22:41:28.631] thr=1   paramiko.transport: [chan 1] EOF sent (1)
DEB [20210524-22:43:22.028] thr=2   paramiko.transport: [chan 1] Max packet in: 32768 bytes
DEB [20210524-22:43:22.219] thr=1   paramiko.transport: [chan 1] Max packet out: 32768 bytes
DEB [20210524-22:43:22.219] thr=1   paramiko.transport: Secsh channel 1 opened.
DEB [20210524-22:43:22.411] thr=1   paramiko.transport: [chan 1] Sesch channel 1 request ok
DEB [20210524-22:43:22.751] thr=1   paramiko.transport: [chan 1] EOF received (1)
DEB [20210524-22:43:22.751] thr=1   paramiko.transport: [chan 1] EOF sent (1)
DEB [20210524-22:43:22.763] thr=2   paramiko.transport: [chan 2] Max packet in: 32768 bytes
DEB [20210524-22:43:23.230] thr=1   paramiko.transport: [chan 2] Max packet out: 32768 bytes
DEB [20210524-22:43:23.230] thr=1   paramiko.transport: Secsh channel 2 opened.
DEB [20210524-22:43:23.421] thr=1   paramiko.transport: [chan 2] Sesch channel 2 request ok
DEB [20210524-22:43:24.849] thr=1   paramiko.transport: [chan 2] EOF received (2)
DEB [20210524-22:43:24.849] thr=1   paramiko.transport: [chan 2] EOF sent (2)
DEB [20210524-22:44:21.813] thr=2   paramiko.transport: [chan 1] Max packet in: 32768 bytes
DEB [20210524-22:44:22.444] thr=1   paramiko.transport: [chan 1] Max packet out: 32768 bytes
DEB [20210524-22:44:22.444] thr=1   paramiko.transport: Secsh channel 1 opened.
DEB [20210524-22:44:22.705] thr=1   paramiko.transport: [chan 1] Sesch channel 1 request ok
DEB [20210524-22:44:22.996] thr=1   paramiko.transport: [chan 1] EOF received (1)
DEB [20210524-22:44:22.997] thr=1   paramiko.transport: [chan 1] EOF sent (1)
DEB [20210524-22:44:23.006] thr=2   paramiko.transport: [chan 2] Max packet in: 32768 bytes
DEB [20210524-22:44:23.635] thr=1   paramiko.transport: [chan 2] Max packet out: 32768 bytes
DEB [20210524-22:44:23.635] thr=1   paramiko.transport: Secsh channel 2 opened.
DEB [20210524-22:44:23.830] thr=1   paramiko.transport: [chan 2] Sesch channel 2 request ok
DEB [20210524-22:44:25.272] thr=1   paramiko.transport: [chan 2] EOF received (2)
DEB [20210524-22:44:25.272] thr=1   paramiko.transport: [chan 2] EOF sent (2)
DEB [20210524-22:52:50.311] thr=2   paramiko.transport: [chan 1] Max packet in: 32768 bytes
DEB [20210524-22:52:50.525] thr=1   paramiko.transport: [chan 1] Max packet out: 32768 bytes
DEB [20210524-22:52:50.525] thr=1   paramiko.transport: Secsh channel 1 opened.
DEB [20210524-22:52:50.733] thr=1   paramiko.transport: [chan 1] Sesch channel 1 request ok
DEB [20210524-22:52:51.078] thr=1   paramiko.transport: [chan 1] EOF received (1)
DEB [20210524-22:52:51.079] thr=1   paramiko.transport: [chan 1] EOF sent (1)
DEB [20210524-22:52:51.086] thr=2   paramiko.transport: [chan 2] Max packet in: 32768 bytes
DEB [20210524-22:52:51.598] thr=1   paramiko.transport: [chan 2] Max packet out: 32768 bytes
DEB [20210524-22:52:51.598] thr=1   paramiko.transport: Secsh channel 2 opened.
DEB [20210524-22:52:51.806] thr=1   paramiko.transport: [chan 2] Sesch channel 2 request ok
DEB [20210524-22:52:53.058] thr=1   paramiko.transport: [chan 2] EOF received (2)
DEB [20210524-22:52:53.058] thr=1   paramiko.transport: [chan 2] EOF sent (2)
